Determining if the pthread_create exist failed with the following output:
Change Dir: /home/gordonlin/robot/build/CMakeFiles/CMakeTmp

Run Build Command:"/usr/bin/make" "cmTC_7ccfb/fast"
/usr/bin/make -f CMakeFiles/cmTC_7ccfb.dir/build.make CMakeFiles/cmTC_7ccfb.dir/build
make[1]: Entering directory '/home/gordonlin/robot/build/CMakeFiles/CMakeTmp'
Building C object CMakeFiles/cmTC_7ccfb.dir/CheckSymbolExists.c.o
/usr/bin/cc    -o CMakeFiles/cmTC_7ccfb.dir/CheckSymbolExists.c.o   -c /home/gordonlin/robot/build/CMakeFiles/CMakeTmp/CheckSymbolExists.c
Linking C executable cmTC_7ccfb
/usr/bin/cmake -E cmake_link_script CMakeFiles/cmTC_7ccfb.dir/link.txt --verbose=1
/usr/bin/cc      -rdynamic CMakeFiles/cmTC_7ccfb.dir/CheckSymbolExists.c.o  -o cmTC_7ccfb 
CMakeFiles/cmTC_7ccfb.dir/CheckSymbolExists.c.o: In function `main':
CheckSymbolExists.c:(.text+0x14): undefined reference to `pthread_create'
CheckSymbolExists.c:(.text+0x18): undefined reference to `pthread_create'
collect2: error: ld returned 1 exit status
CMakeFiles/cmTC_7ccfb.dir/build.make:97: recipe for target 'cmTC_7ccfb' failed
make[1]: *** [cmTC_7ccfb] Error 1
make[1]: Leaving directory '/home/gordonlin/robot/build/CMakeFiles/CMakeTmp'
Makefile:126: recipe for target 'cmTC_7ccfb/fast' failed
make: *** [cmTC_7ccfb/fast] Error 2

File /home/gordonlin/robot/build/CMakeFiles/CMakeTmp/CheckSymbolExists.c:
/* */
#include <pthread.h>

int main(int argc, char** argv)
{
  (void)argv;
#ifndef pthread_create
  return ((int*)(&pthread_create))[argc];
#else
  (void)argc;
  return 0;
#endif
}

Determining if the function pthread_create exists in the pthreads failed with the following output:
Change Dir: /home/gordonlin/robot/build/CMakeFiles/CMakeTmp

Run Build Command:"/usr/bin/make" "cmTC_6bd77/fast"
/usr/bin/make -f CMakeFiles/cmTC_6bd77.dir/build.make CMakeFiles/cmTC_6bd77.dir/build
make[1]: Entering directory '/home/gordonlin/robot/build/CMakeFiles/CMakeTmp'
Building C object CMakeFiles/cmTC_6bd77.dir/CheckFunctionExists.c.o
/usr/bin/cc   -DCHECK_FUNCTION_EXISTS=pthread_create   -o CMakeFiles/cmTC_6bd77.dir/CheckFunctionExists.c.o   -c /usr/share/cmake-3.10/Modules/CheckFunctionExists.c
Linking C executable cmTC_6bd77
/usr/bin/cmake -E cmake_link_script CMakeFiles/cmTC_6bd77.dir/link.txt --verbose=1
/usr/bin/cc  -DCHECK_FUNCTION_EXISTS=pthread_create    -rdynamic CMakeFiles/cmTC_6bd77.dir/CheckFunctionExists.c.o  -o cmTC_6bd77 -lpthreads 
/usr/bin/ld: cannot find -lpthreads
collect2: error: ld returned 1 exit status
CMakeFiles/cmTC_6bd77.dir/build.make:97: recipe for target 'cmTC_6bd77' failed
make[1]: *** [cmTC_6bd77] Error 1
make[1]: Leaving directory '/home/gordonlin/robot/build/CMakeFiles/CMakeTmp'
Makefile:126: recipe for target 'cmTC_6bd77/fast' failed
make: *** [cmTC_6bd77/fast] Error 2


